<?xml version="1.0" encoding="UTF-8"?>
<!-- Generated by org.testng.reporters.JUnitXMLReporter -->
<testsuite hostname="Alice" ignored="0" name="Default test" tests="5" failures="0" timestamp="06 Aug 2019 10:02:54 GMT" time="6.042" errors="0">
  <testcase name="testBody" time="3.244" classname="com.qa.tests.api.APITest"/>
  <testcase name="testMinAge" time="1.747" classname="com.qa.tests.api.APITest"/>
  <testcase name="testMinLoanAmount" time="0.344" classname="com.qa.tests.api.APITest"/>
  <testcase name="testResponseCode" time="0.273" classname="com.qa.tests.api.APITest"/>
  <testcase name="testTotalStateCount" time="0.355" classname="com.qa.tests.api.APITest"/>
</testsuite> <!-- Default test -->
