<?xml version="1.0" encoding="UTF-8"?>
<!-- Generated by org.testng.reporters.JUnitXMLReporter -->
<testsuite hostname="Alice" ignored="2" name="Upgrade Automation Test Cases" tests="12" failures="0" timestamp="06 Aug 2019 10:12:43 GMT" time="60.776" errors="0">
  <testcase name="testBody" time="3.646" classname="com.qa.tests.api.APITest"/>
  <testcase name="testMinAge" time="2.09" classname="com.qa.tests.api.APITest"/>
  <testcase name="testMinLoanAmount" time="0.373" classname="com.qa.tests.api.APITest"/>
  <testcase name="testResponseCode" time="0.254" classname="com.qa.tests.api.APITest"/>
  <testcase name="testTotalStateCount" time="0.294" classname="com.qa.tests.api.APITest"/>
  <testcase name="verifyCheckRate" time="0.254" classname="com.qa.tests.web.CheckRatePageTest"/>
  <testcase name="verifyCheckRateTitleTest" time="0.013" classname="com.qa.tests.web.CheckRatePageTest"/>
  <testcase name="EnterLoanDetails" time="0.978" classname="com.qa.tests.web.CheckRatePageTest"/>
  <testcase name="verifydefaultRadioButton" time="0.244" classname="com.qa.tests.web.BasicInfoPageTest"/>
  <testcase name="enterBorrowerInfo" time="6.189" classname="com.qa.tests.web.BasicInfoPageTest"/>
  <testcase name="Signout" time="10.515" classname="com.qa.tests.web.BasicInfoPageTest"/>
  <testcase name="SignIn" time="17.372" classname="com.qa.tests.web.BasicInfoPageTest"/>
  <testcase name="@AfterTest tearDown" time="0.0" classname="com.upgrade.qa.base.TestBase">
    <ignored/>
  </testcase> <!-- @AfterTest tearDown -->
  <testcase name="@BeforeTest initialization" time="0.0" classname="com.upgrade.qa.base.TestBase">
    <ignored/>
  </testcase> <!-- @BeforeTest initialization -->
</testsuite> <!-- Upgrade Automation Test Cases -->
