<?xml version="1.0" encoding="UTF-8"?>
<testng-results skipped="0" failed="0" ignored="2" total="14" passed="12">
  <reporter-output>
  </reporter-output>
  <suite name="Upgrade Automation Test Suite" duration-ms="60776" started-at="2019-08-06T10:11:42Z" finished-at="2019-08-06T10:12:43Z">
    <groups>
    </groups>
    <test name="Upgrade Automation Test Cases" duration-ms="60776" started-at="2019-08-06T10:11:42Z" finished-at="2019-08-06T10:12:43Z">
      <class name="com.qa.tests.api.APITest">
        <test-method status="PASS" signature="testBody()[pri:0, instance:com.qa.tests.api.APITest@527740a2]" name="testBody" duration-ms="3646" started-at="2019-08-06T10:11:58Z" description="get JSON response" finished-at="2019-08-06T10:12:02Z">
          <reporter-output>
          </reporter-output>
        </test-method> <!-- testBody -->
        <test-method status="PASS" signature="testMinAge()[pri:0, instance:com.qa.tests.api.APITest@527740a2]" name="testMinAge" duration-ms="2090" started-at="2019-08-06T10:12:02Z" description="Validate only one state has a min age 19 , and output the name of that state" finished-at="2019-08-06T10:12:04Z">
          <reporter-output>
          </reporter-output>
        </test-method> <!-- testMinAge -->
        <test-method status="PASS" signature="testMinLoanAmount()[pri:0, instance:com.qa.tests.api.APITest@527740a2]" name="testMinLoanAmount" duration-ms="373" started-at="2019-08-06T10:12:04Z" description="Validate that Georgia is the only state with min loan amount requirement of $3,005" finished-at="2019-08-06T10:12:05Z">
          <reporter-output>
          </reporter-output>
        </test-method> <!-- testMinLoanAmount -->
        <test-method status="PASS" signature="testResponseCode()[pri:0, instance:com.qa.tests.api.APITest@527740a2]" name="testResponseCode" duration-ms="254" started-at="2019-08-06T10:12:05Z" description="Test Status Code" finished-at="2019-08-06T10:12:05Z">
          <reporter-output>
          </reporter-output>
        </test-method> <!-- testResponseCode -->
        <test-method status="PASS" signature="testTotalStateCount()[pri:0, instance:com.qa.tests.api.APITest@527740a2]" name="testTotalStateCount" duration-ms="294" started-at="2019-08-06T10:12:05Z" description="validate all state names are valid and total state count" finished-at="2019-08-06T10:12:05Z">
          <reporter-output>
          </reporter-output>
        </test-method> <!-- testTotalStateCount -->
      </class> <!-- com.qa.tests.api.APITest -->
      <class name="com.qa.tests.web.BasicInfoPageTest">
        <test-method status="PASS" signature="verifydefaultRadioButton()[pri:4, instance:com.qa.tests.web.BasicInfoPageTest@6d7b4f4c]" name="verifydefaultRadioButton" duration-ms="244" started-at="2019-08-06T10:12:08Z" finished-at="2019-08-06T10:12:08Z">
          <reporter-output>
          </reporter-output>
        </test-method> <!-- verifydefaultRadioButton -->
        <test-method status="PASS" signature="enterBorrowerInfo(java.lang.String, java.lang.String, java.lang.String, java.lang.String, java.lang.String, java.lang.String, java.lang.String, java.lang.String, java.lang.String, java.lang.String, java.lang.String)[pri:5, instance:com.qa.tests.web.BasicInfoPageTest@6d7b4f4c]" name="enterBorrowerInfo" duration-ms="6189" started-at="2019-08-06T10:12:08Z" data-provider="getBorrowerTestData" finished-at="2019-08-06T10:12:14Z">
          <params>
            <param index="0">
              <value>
                <![CDATA[firstName]]>
              </value>
            </param>
            <param index="1">
              <value>
                <![CDATA[lastName]]>
              </value>
            </param>
            <param index="2">
              <value>
                <![CDATA[Testerman Way]]>
              </value>
            </param>
            <param index="3">
              <value>
                <![CDATA[Pleasanton]]>
              </value>
            </param>
            <param index="4">
              <value>
                <![CDATA[CA]]>
              </value>
            </param>
            <param index="5">
              <value>
                <![CDATA[94588.0]]>
              </value>
            </param>
            <param index="6">
              <value>
                <![CDATA[08/15/1980]]>
              </value>
            </param>
            <param index="7">
              <value>
                <![CDATA[135000.0]]>
              </value>
            </param>
            <param index="8">
              <value>
                <![CDATA[15000.0]]>
              </value>
            </param>
            <param index="9">
              <value>
                <![CDATA[candidate]]>
              </value>
            </param>
            <param index="10">
              <value>
                <![CDATA[testUsr1]]>
              </value>
            </param>
          </params>
          <reporter-output>
          </reporter-output>
        </test-method> <!-- enterBorrowerInfo -->
        <test-method status="PASS" signature="Signout()[pri:6, instance:com.qa.tests.web.BasicInfoPageTest@6d7b4f4c]" name="Signout" duration-ms="10515" started-at="2019-08-06T10:12:14Z" finished-at="2019-08-06T10:12:25Z">
          <reporter-output>
          </reporter-output>
        </test-method> <!-- Signout -->
        <test-method status="PASS" signature="SignIn()[pri:7, instance:com.qa.tests.web.BasicInfoPageTest@6d7b4f4c]" name="SignIn" duration-ms="17372" started-at="2019-08-06T10:12:25Z" finished-at="2019-08-06T10:12:42Z">
          <reporter-output>
          </reporter-output>
        </test-method> <!-- SignIn -->
      </class> <!-- com.qa.tests.web.BasicInfoPageTest -->
      <class name="com.qa.tests.web.CheckRatePageTest">
        <test-method status="PASS" signature="initialization()[pri:0, instance:com.qa.tests.web.CheckRatePageTest@4e9ba398]" name="initialization" is-config="true" duration-ms="16060" started-at="2019-08-06T10:11:42Z" finished-at="2019-08-06T10:11:58Z">
          <reporter-output>
          </reporter-output>
        </test-method> <!-- initialization -->
        <test-method status="PASS" signature="verifyCheckRate()[pri:1, instance:com.qa.tests.web.CheckRatePageTest@4e9ba398]" name="verifyCheckRate" duration-ms="254" started-at="2019-08-06T10:12:05Z" finished-at="2019-08-06T10:12:05Z">
          <reporter-output>
          </reporter-output>
        </test-method> <!-- verifyCheckRate -->
        <test-method status="PASS" signature="verifyCheckRateTitleTest()[pri:2, instance:com.qa.tests.web.CheckRatePageTest@4e9ba398]" name="verifyCheckRateTitleTest" duration-ms="13" started-at="2019-08-06T10:12:05Z" finished-at="2019-08-06T10:12:05Z">
          <reporter-output>
          </reporter-output>
        </test-method> <!-- verifyCheckRateTitleTest -->
        <test-method status="PASS" signature="EnterLoanDetails(java.lang.String, java.lang.String)[pri:3, instance:com.qa.tests.web.CheckRatePageTest@4e9ba398]" name="EnterLoanDetails" duration-ms="978" started-at="2019-08-06T10:12:07Z" data-provider="getLoanTestData" finished-at="2019-08-06T10:12:08Z">
          <params>
            <param index="0">
              <value>
                <![CDATA[2000.0]]>
              </value>
            </param>
            <param index="1">
              <value>
                <![CDATA[Debt Consolidation]]>
              </value>
            </param>
          </params>
          <reporter-output>
          </reporter-output>
        </test-method> <!-- EnterLoanDetails -->
        <test-method status="PASS" signature="tearDown()[pri:0, instance:com.qa.tests.web.CheckRatePageTest@4e9ba398]" name="tearDown" is-config="true" duration-ms="885" started-at="2019-08-06T10:12:42Z" finished-at="2019-08-06T10:12:43Z">
          <reporter-output>
          </reporter-output>
        </test-method> <!-- tearDown -->
      </class> <!-- com.qa.tests.web.CheckRatePageTest -->
    </test> <!-- Upgrade Automation Test Cases -->
  </suite> <!-- Upgrade Automation Test Suite -->
</testng-results>
